Symlinking /home/michael/workspace/TRI_catkin_ws/devel/include/ur_msgs/Digital.h
Symlinking /home/michael/workspace/TRI_catkin_ws/devel/include/ur_msgs/SetIO.h
Symlinking /home/michael/workspace/TRI_catkin_ws/devel/include/ur_msgs/SetPayload.h
Symlinking /home/michael/workspace/TRI_catkin_ws/devel/include/ur_msgs/SetSpeedSliderFraction.h
Symlinking /home/michael/workspace/TRI_catkin_ws/devel/include/ur_msgs/SetPayloadResponse.h
Symlinking /home/michael/workspace/TRI_catkin_ws/devel/include/ur_msgs/SetIORequest.h
Symlinking /home/michael/workspace/TRI_catkin_ws/devel/include/ur_msgs/RobotStateRTMsg.h
Symlinking /home/michael/workspace/TRI_catkin_ws/devel/include/ur_msgs/SetSpeedSliderFractionResponse.h
Symlinking /home/michael/workspace/TRI_catkin_ws/devel/include/ur_msgs/Analog.h
Symlinking /home/michael/workspace/TRI_catkin_ws/devel/include/ur_msgs/SetPayloadRequest.h
Symlinking /home/michael/workspace/TRI_catkin_ws/devel/include/ur_msgs/SetIOResponse.h
Symlinking /home/michael/workspace/TRI_catkin_ws/devel/include/ur_msgs/IOStates.h
Symlinking /home/michael/workspace/TRI_catkin_ws/devel/include/ur_msgs/RobotModeDataMsg.h
Symlinking /home/michael/workspace/TRI_catkin_ws/devel/include/ur_msgs/SetSpeedSliderFractionRequest.h
Symlinking /home/michael/workspace/TRI_catkin_ws/devel/include/ur_msgs/MasterboardDataMsg.h
Symlinking /home/michael/workspace/TRI_catkin_ws/devel/include/ur_msgs/ToolDataMsg.h
Symlinking /home/michael/workspace/TRI_catkin_ws/devel/share/ur_msgs/cmake/ur_msgsConfig-version.cmake
Symlinking /home/michael/workspace/TRI_catkin_ws/devel/share/ur_msgs/cmake/ur_msgs-msg-paths.cmake
Symlinking /home/michael/workspace/TRI_catkin_ws/devel/share/ur_msgs/cmake/ur_msgs-msg-extras.cmake
Symlinking /home/michael/workspace/TRI_catkin_ws/devel/share/ur_msgs/cmake/ur_msgsConfig.cmake
Symlinking /home/michael/workspace/TRI_catkin_ws/devel/share/gennodejs/ros/ur_msgs/_index.js
Symlinking /home/michael/workspace/TRI_catkin_ws/devel/share/gennodejs/ros/ur_msgs/srv/_index.js
Symlinking /home/michael/workspace/TRI_catkin_ws/devel/share/gennodejs/ros/ur_msgs/srv/SetPayload.js
Symlinking /home/michael/workspace/TRI_catkin_ws/devel/share/gennodejs/ros/ur_msgs/srv/SetSpeedSliderFraction.js
Symlinking /home/michael/workspace/TRI_catkin_ws/devel/share/gennodejs/ros/ur_msgs/srv/SetIO.js
Symlinking /home/michael/workspace/TRI_catkin_ws/devel/share/gennodejs/ros/ur_msgs/msg/Analog.js
Symlinking /home/michael/workspace/TRI_catkin_ws/devel/share/gennodejs/ros/ur_msgs/msg/RobotModeDataMsg.js
Symlinking /home/michael/workspace/TRI_catkin_ws/devel/share/gennodejs/ros/ur_msgs/msg/_index.js
Symlinking /home/michael/workspace/TRI_catkin_ws/devel/share/gennodejs/ros/ur_msgs/msg/RobotStateRTMsg.js
Symlinking /home/michael/workspace/TRI_catkin_ws/devel/share/gennodejs/ros/ur_msgs/msg/IOStates.js
Symlinking /home/michael/workspace/TRI_catkin_ws/devel/share/gennodejs/ros/ur_msgs/msg/ToolDataMsg.js
Symlinking /home/michael/workspace/TRI_catkin_ws/devel/share/gennodejs/ros/ur_msgs/msg/Digital.js
Symlinking /home/michael/workspace/TRI_catkin_ws/devel/share/gennodejs/ros/ur_msgs/msg/MasterboardDataMsg.js
Symlinking /home/michael/workspace/TRI_catkin_ws/devel/share/roseus/ros/ur_msgs/manifest.l
Symlinking /home/michael/workspace/TRI_catkin_ws/devel/share/roseus/ros/ur_msgs/srv/SetPayload.l
Symlinking /home/michael/workspace/TRI_catkin_ws/devel/share/roseus/ros/ur_msgs/srv/SetSpeedSliderFraction.l
Symlinking /home/michael/workspace/TRI_catkin_ws/devel/share/roseus/ros/ur_msgs/srv/SetIO.l
Symlinking /home/michael/workspace/TRI_catkin_ws/devel/share/roseus/ros/ur_msgs/msg/Analog.l
Symlinking /home/michael/workspace/TRI_catkin_ws/devel/share/roseus/ros/ur_msgs/msg/RobotStateRTMsg.l
Symlinking /home/michael/workspace/TRI_catkin_ws/devel/share/roseus/ros/ur_msgs/msg/RobotModeDataMsg.l
Symlinking /home/michael/workspace/TRI_catkin_ws/devel/share/roseus/ros/ur_msgs/msg/Digital.l
Symlinking /home/michael/workspace/TRI_catkin_ws/devel/share/roseus/ros/ur_msgs/msg/ToolDataMsg.l
Symlinking /home/michael/workspace/TRI_catkin_ws/devel/share/roseus/ros/ur_msgs/msg/MasterboardDataMsg.l
Symlinking /home/michael/workspace/TRI_catkin_ws/devel/share/roseus/ros/ur_msgs/msg/IOStates.l
Symlinking /home/michael/workspace/TRI_catkin_ws/devel/share/common-lisp/ros/ur_msgs/srv/_package.lisp
Symlinking /home/michael/workspace/TRI_catkin_ws/devel/share/common-lisp/ros/ur_msgs/srv/ur_msgs-srv.asd
Symlinking /home/michael/workspace/TRI_catkin_ws/devel/share/common-lisp/ros/ur_msgs/srv/_package_SetIO.lisp
Symlinking /home/michael/workspace/TRI_catkin_ws/devel/share/common-lisp/ros/ur_msgs/srv/SetSpeedSliderFraction.lisp
Symlinking /home/michael/workspace/TRI_catkin_ws/devel/share/common-lisp/ros/ur_msgs/srv/SetIO.lisp
Symlinking /home/michael/workspace/TRI_catkin_ws/devel/share/common-lisp/ros/ur_msgs/srv/_package_SetPayload.lisp
Symlinking /home/michael/workspace/TRI_catkin_ws/devel/share/common-lisp/ros/ur_msgs/srv/SetPayload.lisp
Symlinking /home/michael/workspace/TRI_catkin_ws/devel/share/common-lisp/ros/ur_msgs/srv/_package_SetSpeedSliderFraction.lisp
Symlinking /home/michael/workspace/TRI_catkin_ws/devel/share/common-lisp/ros/ur_msgs/msg/Analog.lisp
Symlinking /home/michael/workspace/TRI_catkin_ws/devel/share/common-lisp/ros/ur_msgs/msg/Digital.lisp
Symlinking /home/michael/workspace/TRI_catkin_ws/devel/share/common-lisp/ros/ur_msgs/msg/_package_IOStates.lisp
Symlinking /home/michael/workspace/TRI_catkin_ws/devel/share/common-lisp/ros/ur_msgs/msg/_package.lisp
Symlinking /home/michael/workspace/TRI_catkin_ws/devel/share/common-lisp/ros/ur_msgs/msg/_package_Digital.lisp
Symlinking /home/michael/workspace/TRI_catkin_ws/devel/share/common-lisp/ros/ur_msgs/msg/_package_MasterboardDataMsg.lisp
Symlinking /home/michael/workspace/TRI_catkin_ws/devel/share/common-lisp/ros/ur_msgs/msg/MasterboardDataMsg.lisp
Symlinking /home/michael/workspace/TRI_catkin_ws/devel/share/common-lisp/ros/ur_msgs/msg/RobotStateRTMsg.lisp
Symlinking /home/michael/workspace/TRI_catkin_ws/devel/share/common-lisp/ros/ur_msgs/msg/_package_RobotStateRTMsg.lisp
Symlinking /home/michael/workspace/TRI_catkin_ws/devel/share/common-lisp/ros/ur_msgs/msg/_package_RobotModeDataMsg.lisp
Symlinking /home/michael/workspace/TRI_catkin_ws/devel/share/common-lisp/ros/ur_msgs/msg/ur_msgs-msg.asd
Symlinking /home/michael/workspace/TRI_catkin_ws/devel/share/common-lisp/ros/ur_msgs/msg/_package_ToolDataMsg.lisp
Symlinking /home/michael/workspace/TRI_catkin_ws/devel/share/common-lisp/ros/ur_msgs/msg/IOStates.lisp
Symlinking /home/michael/workspace/TRI_catkin_ws/devel/share/common-lisp/ros/ur_msgs/msg/ToolDataMsg.lisp
Symlinking /home/michael/workspace/TRI_catkin_ws/devel/share/common-lisp/ros/ur_msgs/msg/_package_Analog.lisp
Symlinking /home/michael/workspace/TRI_catkin_ws/devel/share/common-lisp/ros/ur_msgs/msg/RobotModeDataMsg.lisp
Symlinking /home/michael/workspace/TRI_catkin_ws/devel/lib/pkgconfig/ur_msgs.pc
Symlinking /home/michael/workspace/TRI_catkin_ws/devel/lib/python2.7/dist-packages/ur_msgs/__init__.py
Symlinking /home/michael/workspace/TRI_catkin_ws/devel/lib/python2.7/dist-packages/ur_msgs/srv/_SetIO.py
Symlinking /home/michael/workspace/TRI_catkin_ws/devel/lib/python2.7/dist-packages/ur_msgs/srv/__init__.py
Symlinking /home/michael/workspace/TRI_catkin_ws/devel/lib/python2.7/dist-packages/ur_msgs/srv/_SetPayload.py
Symlinking /home/michael/workspace/TRI_catkin_ws/devel/lib/python2.7/dist-packages/ur_msgs/srv/_SetSpeedSliderFraction.py
Symlinking /home/michael/workspace/TRI_catkin_ws/devel/lib/python2.7/dist-packages/ur_msgs/msg/_Analog.py
Symlinking /home/michael/workspace/TRI_catkin_ws/devel/lib/python2.7/dist-packages/ur_msgs/msg/__init__.py
Symlinking /home/michael/workspace/TRI_catkin_ws/devel/lib/python2.7/dist-packages/ur_msgs/msg/_Digital.py
Symlinking /home/michael/workspace/TRI_catkin_ws/devel/lib/python2.7/dist-packages/ur_msgs/msg/_IOStates.py
Symlinking /home/michael/workspace/TRI_catkin_ws/devel/lib/python2.7/dist-packages/ur_msgs/msg/_MasterboardDataMsg.py
Symlinking /home/michael/workspace/TRI_catkin_ws/devel/lib/python2.7/dist-packages/ur_msgs/msg/_ToolDataMsg.py
Symlinking /home/michael/workspace/TRI_catkin_ws/devel/lib/python2.7/dist-packages/ur_msgs/msg/_RobotStateRTMsg.py
Symlinking /home/michael/workspace/TRI_catkin_ws/devel/lib/python2.7/dist-packages/ur_msgs/msg/_RobotModeDataMsg.py
Cleaning: (/home/michael/workspace/TRI_catkin_ws/devel/.private/ur_msgs/include/ur_msgs/GripperMoveResponse.h, /home/michael/workspace/TRI_catkin_ws/devel/include/ur_msgs/GripperMoveResponse.h)
Cleaning: (/home/michael/workspace/TRI_catkin_ws/devel/.private/ur_msgs/include/ur_msgs/FollowCartesianTrajectoryActionResult.h, /home/michael/workspace/TRI_catkin_ws/devel/include/ur_msgs/FollowCartesianTrajectoryActionResult.h)
Cleaning: (/home/michael/workspace/TRI_catkin_ws/devel/.private/ur_msgs/include/ur_msgs/GripperMoveRequest.h, /home/michael/workspace/TRI_catkin_ws/devel/include/ur_msgs/GripperMoveRequest.h)
Cleaning: (/home/michael/workspace/TRI_catkin_ws/devel/.private/ur_msgs/include/ur_msgs/FollowCartesianTrajectoryResult.h, /home/michael/workspace/TRI_catkin_ws/devel/include/ur_msgs/FollowCartesianTrajectoryResult.h)
Cleaning: (/home/michael/workspace/TRI_catkin_ws/devel/.private/ur_msgs/include/ur_msgs/FollowCartesianTrajectoryGoal.h, /home/michael/workspace/TRI_catkin_ws/devel/include/ur_msgs/FollowCartesianTrajectoryGoal.h)
Cleaning: (/home/michael/workspace/TRI_catkin_ws/devel/.private/ur_msgs/include/ur_msgs/FollowCartesianTrajectoryFeedback.h, /home/michael/workspace/TRI_catkin_ws/devel/include/ur_msgs/FollowCartesianTrajectoryFeedback.h)
Cleaning: (/home/michael/workspace/TRI_catkin_ws/devel/.private/ur_msgs/include/ur_msgs/GripperMove.h, /home/michael/workspace/TRI_catkin_ws/devel/include/ur_msgs/GripperMove.h)
Cleaning: (/home/michael/workspace/TRI_catkin_ws/devel/.private/ur_msgs/include/ur_msgs/FollowCartesianTrajectoryActionFeedback.h, /home/michael/workspace/TRI_catkin_ws/devel/include/ur_msgs/FollowCartesianTrajectoryActionFeedback.h)
Cleaning: (/home/michael/workspace/TRI_catkin_ws/devel/.private/ur_msgs/include/ur_msgs/FollowCartesianTrajectoryAction.h, /home/michael/workspace/TRI_catkin_ws/devel/include/ur_msgs/FollowCartesianTrajectoryAction.h)
Cleaning: (/home/michael/workspace/TRI_catkin_ws/devel/.private/ur_msgs/include/ur_msgs/FollowCartesianTrajectoryActionGoal.h, /home/michael/workspace/TRI_catkin_ws/devel/include/ur_msgs/FollowCartesianTrajectoryActionGoal.h)
Cleaning: (/home/michael/workspace/TRI_catkin_ws/devel/.private/ur_msgs/share/ur_msgs/msg/FollowCartesianTrajectoryAction.msg, /home/michael/workspace/TRI_catkin_ws/devel/share/ur_msgs/msg/FollowCartesianTrajectoryAction.msg)
Cleaning: (/home/michael/workspace/TRI_catkin_ws/devel/.private/ur_msgs/share/ur_msgs/msg/FollowCartesianTrajectoryFeedback.msg, /home/michael/workspace/TRI_catkin_ws/devel/share/ur_msgs/msg/FollowCartesianTrajectoryFeedback.msg)
Cleaning: (/home/michael/workspace/TRI_catkin_ws/devel/.private/ur_msgs/share/ur_msgs/msg/FollowCartesianTrajectoryActionFeedback.msg, /home/michael/workspace/TRI_catkin_ws/devel/share/ur_msgs/msg/FollowCartesianTrajectoryActionFeedback.msg)
Cleaning: (/home/michael/workspace/TRI_catkin_ws/devel/.private/ur_msgs/share/ur_msgs/msg/FollowCartesianTrajectoryActionGoal.msg, /home/michael/workspace/TRI_catkin_ws/devel/share/ur_msgs/msg/FollowCartesianTrajectoryActionGoal.msg)
Cleaning: (/home/michael/workspace/TRI_catkin_ws/devel/.private/ur_msgs/share/ur_msgs/msg/FollowCartesianTrajectoryActionResult.msg, /home/michael/workspace/TRI_catkin_ws/devel/share/ur_msgs/msg/FollowCartesianTrajectoryActionResult.msg)
Cleaning: (/home/michael/workspace/TRI_catkin_ws/devel/.private/ur_msgs/share/ur_msgs/msg/FollowCartesianTrajectoryResult.msg, /home/michael/workspace/TRI_catkin_ws/devel/share/ur_msgs/msg/FollowCartesianTrajectoryResult.msg)
Cleaning: (/home/michael/workspace/TRI_catkin_ws/devel/.private/ur_msgs/share/ur_msgs/msg/FollowCartesianTrajectoryGoal.msg, /home/michael/workspace/TRI_catkin_ws/devel/share/ur_msgs/msg/FollowCartesianTrajectoryGoal.msg)
Cleaning: (/home/michael/workspace/TRI_catkin_ws/devel/.private/ur_msgs/share/gennodejs/ros/ur_msgs/srv/GripperMove.js, /home/michael/workspace/TRI_catkin_ws/devel/share/gennodejs/ros/ur_msgs/srv/GripperMove.js)
Cleaning: (/home/michael/workspace/TRI_catkin_ws/devel/.private/ur_msgs/share/gennodejs/ros/ur_msgs/msg/FollowCartesianTrajectoryActionFeedback.js, /home/michael/workspace/TRI_catkin_ws/devel/share/gennodejs/ros/ur_msgs/msg/FollowCartesianTrajectoryActionFeedback.js)
Cleaning: (/home/michael/workspace/TRI_catkin_ws/devel/.private/ur_msgs/share/gennodejs/ros/ur_msgs/msg/FollowCartesianTrajectoryActionResult.js, /home/michael/workspace/TRI_catkin_ws/devel/share/gennodejs/ros/ur_msgs/msg/FollowCartesianTrajectoryActionResult.js)
Cleaning: (/home/michael/workspace/TRI_catkin_ws/devel/.private/ur_msgs/share/gennodejs/ros/ur_msgs/msg/FollowCartesianTrajectoryActionGoal.js, /home/michael/workspace/TRI_catkin_ws/devel/share/gennodejs/ros/ur_msgs/msg/FollowCartesianTrajectoryActionGoal.js)
Cleaning: (/home/michael/workspace/TRI_catkin_ws/devel/.private/ur_msgs/share/gennodejs/ros/ur_msgs/msg/FollowCartesianTrajectoryResult.js, /home/michael/workspace/TRI_catkin_ws/devel/share/gennodejs/ros/ur_msgs/msg/FollowCartesianTrajectoryResult.js)
Cleaning: (/home/michael/workspace/TRI_catkin_ws/devel/.private/ur_msgs/share/gennodejs/ros/ur_msgs/msg/FollowCartesianTrajectoryFeedback.js, /home/michael/workspace/TRI_catkin_ws/devel/share/gennodejs/ros/ur_msgs/msg/FollowCartesianTrajectoryFeedback.js)
Cleaning: (/home/michael/workspace/TRI_catkin_ws/devel/.private/ur_msgs/share/gennodejs/ros/ur_msgs/msg/FollowCartesianTrajectoryGoal.js, /home/michael/workspace/TRI_catkin_ws/devel/share/gennodejs/ros/ur_msgs/msg/FollowCartesianTrajectoryGoal.js)
Cleaning: (/home/michael/workspace/TRI_catkin_ws/devel/.private/ur_msgs/share/gennodejs/ros/ur_msgs/msg/FollowCartesianTrajectoryAction.js, /home/michael/workspace/TRI_catkin_ws/devel/share/gennodejs/ros/ur_msgs/msg/FollowCartesianTrajectoryAction.js)
Cleaning: (/home/michael/workspace/TRI_catkin_ws/devel/.private/ur_msgs/share/roseus/ros/ur_msgs/srv/GripperMove.l, /home/michael/workspace/TRI_catkin_ws/devel/share/roseus/ros/ur_msgs/srv/GripperMove.l)
Cleaning: (/home/michael/workspace/TRI_catkin_ws/devel/.private/ur_msgs/share/roseus/ros/ur_msgs/msg/FollowCartesianTrajectoryAction.l, /home/michael/workspace/TRI_catkin_ws/devel/share/roseus/ros/ur_msgs/msg/FollowCartesianTrajectoryAction.l)
Cleaning: (/home/michael/workspace/TRI_catkin_ws/devel/.private/ur_msgs/share/roseus/ros/ur_msgs/msg/FollowCartesianTrajectoryGoal.l, /home/michael/workspace/TRI_catkin_ws/devel/share/roseus/ros/ur_msgs/msg/FollowCartesianTrajectoryGoal.l)
Cleaning: (/home/michael/workspace/TRI_catkin_ws/devel/.private/ur_msgs/share/roseus/ros/ur_msgs/msg/FollowCartesianTrajectoryFeedback.l, /home/michael/workspace/TRI_catkin_ws/devel/share/roseus/ros/ur_msgs/msg/FollowCartesianTrajectoryFeedback.l)
Cleaning: (/home/michael/workspace/TRI_catkin_ws/devel/.private/ur_msgs/share/roseus/ros/ur_msgs/msg/FollowCartesianTrajectoryActionGoal.l, /home/michael/workspace/TRI_catkin_ws/devel/share/roseus/ros/ur_msgs/msg/FollowCartesianTrajectoryActionGoal.l)
Cleaning: (/home/michael/workspace/TRI_catkin_ws/devel/.private/ur_msgs/share/roseus/ros/ur_msgs/msg/FollowCartesianTrajectoryActionResult.l, /home/michael/workspace/TRI_catkin_ws/devel/share/roseus/ros/ur_msgs/msg/FollowCartesianTrajectoryActionResult.l)
Cleaning: (/home/michael/workspace/TRI_catkin_ws/devel/.private/ur_msgs/share/roseus/ros/ur_msgs/msg/FollowCartesianTrajectoryResult.l, /home/michael/workspace/TRI_catkin_ws/devel/share/roseus/ros/ur_msgs/msg/FollowCartesianTrajectoryResult.l)
Cleaning: (/home/michael/workspace/TRI_catkin_ws/devel/.private/ur_msgs/share/roseus/ros/ur_msgs/msg/FollowCartesianTrajectoryActionFeedback.l, /home/michael/workspace/TRI_catkin_ws/devel/share/roseus/ros/ur_msgs/msg/FollowCartesianTrajectoryActionFeedback.l)
Cleaning: (/home/michael/workspace/TRI_catkin_ws/devel/.private/ur_msgs/share/common-lisp/ros/ur_msgs/srv/_package_GripperMove.lisp, /home/michael/workspace/TRI_catkin_ws/devel/share/common-lisp/ros/ur_msgs/srv/_package_GripperMove.lisp)
Cleaning: (/home/michael/workspace/TRI_catkin_ws/devel/.private/ur_msgs/share/common-lisp/ros/ur_msgs/srv/GripperMove.lisp, /home/michael/workspace/TRI_catkin_ws/devel/share/common-lisp/ros/ur_msgs/srv/GripperMove.lisp)
Cleaning: (/home/michael/workspace/TRI_catkin_ws/devel/.private/ur_msgs/share/common-lisp/ros/ur_msgs/msg/_package_FollowCartesianTrajectoryActionResult.lisp, /home/michael/workspace/TRI_catkin_ws/devel/share/common-lisp/ros/ur_msgs/msg/_package_FollowCartesianTrajectoryActionResult.lisp)
Cleaning: (/home/michael/workspace/TRI_catkin_ws/devel/.private/ur_msgs/share/common-lisp/ros/ur_msgs/msg/_package_FollowCartesianTrajectoryGoal.lisp, /home/michael/workspace/TRI_catkin_ws/devel/share/common-lisp/ros/ur_msgs/msg/_package_FollowCartesianTrajectoryGoal.lisp)
Cleaning: (/home/michael/workspace/TRI_catkin_ws/devel/.private/ur_msgs/share/common-lisp/ros/ur_msgs/msg/_package_FollowCartesianTrajectoryResult.lisp, /home/michael/workspace/TRI_catkin_ws/devel/share/common-lisp/ros/ur_msgs/msg/_package_FollowCartesianTrajectoryResult.lisp)
Cleaning: (/home/michael/workspace/TRI_catkin_ws/devel/.private/ur_msgs/share/common-lisp/ros/ur_msgs/msg/FollowCartesianTrajectoryResult.lisp, /home/michael/workspace/TRI_catkin_ws/devel/share/common-lisp/ros/ur_msgs/msg/FollowCartesianTrajectoryResult.lisp)
Cleaning: (/home/michael/workspace/TRI_catkin_ws/devel/.private/ur_msgs/share/common-lisp/ros/ur_msgs/msg/FollowCartesianTrajectoryFeedback.lisp, /home/michael/workspace/TRI_catkin_ws/devel/share/common-lisp/ros/ur_msgs/msg/FollowCartesianTrajectoryFeedback.lisp)
Cleaning: (/home/michael/workspace/TRI_catkin_ws/devel/.private/ur_msgs/share/common-lisp/ros/ur_msgs/msg/FollowCartesianTrajectoryActionResult.lisp, /home/michael/workspace/TRI_catkin_ws/devel/share/common-lisp/ros/ur_msgs/msg/FollowCartesianTrajectoryActionResult.lisp)
Cleaning: (/home/michael/workspace/TRI_catkin_ws/devel/.private/ur_msgs/share/common-lisp/ros/ur_msgs/msg/_package_FollowCartesianTrajectoryActionFeedback.lisp, /home/michael/workspace/TRI_catkin_ws/devel/share/common-lisp/ros/ur_msgs/msg/_package_FollowCartesianTrajectoryActionFeedback.lisp)
Cleaning: (/home/michael/workspace/TRI_catkin_ws/devel/.private/ur_msgs/share/common-lisp/ros/ur_msgs/msg/_package_FollowCartesianTrajectoryFeedback.lisp, /home/michael/workspace/TRI_catkin_ws/devel/share/common-lisp/ros/ur_msgs/msg/_package_FollowCartesianTrajectoryFeedback.lisp)
Cleaning: (/home/michael/workspace/TRI_catkin_ws/devel/.private/ur_msgs/share/common-lisp/ros/ur_msgs/msg/FollowCartesianTrajectoryActionFeedback.lisp, /home/michael/workspace/TRI_catkin_ws/devel/share/common-lisp/ros/ur_msgs/msg/FollowCartesianTrajectoryActionFeedback.lisp)
Cleaning: (/home/michael/workspace/TRI_catkin_ws/devel/.private/ur_msgs/share/common-lisp/ros/ur_msgs/msg/_package_FollowCartesianTrajectoryAction.lisp, /home/michael/workspace/TRI_catkin_ws/devel/share/common-lisp/ros/ur_msgs/msg/_package_FollowCartesianTrajectoryAction.lisp)
Cleaning: (/home/michael/workspace/TRI_catkin_ws/devel/.private/ur_msgs/share/common-lisp/ros/ur_msgs/msg/FollowCartesianTrajectoryGoal.lisp, /home/michael/workspace/TRI_catkin_ws/devel/share/common-lisp/ros/ur_msgs/msg/FollowCartesianTrajectoryGoal.lisp)
Cleaning: (/home/michael/workspace/TRI_catkin_ws/devel/.private/ur_msgs/share/common-lisp/ros/ur_msgs/msg/_package_FollowCartesianTrajectoryActionGoal.lisp, /home/michael/workspace/TRI_catkin_ws/devel/share/common-lisp/ros/ur_msgs/msg/_package_FollowCartesianTrajectoryActionGoal.lisp)
Cleaning: (/home/michael/workspace/TRI_catkin_ws/devel/.private/ur_msgs/share/common-lisp/ros/ur_msgs/msg/FollowCartesianTrajectoryActionGoal.lisp, /home/michael/workspace/TRI_catkin_ws/devel/share/common-lisp/ros/ur_msgs/msg/FollowCartesianTrajectoryActionGoal.lisp)
Cleaning: (/home/michael/workspace/TRI_catkin_ws/devel/.private/ur_msgs/share/common-lisp/ros/ur_msgs/msg/FollowCartesianTrajectoryAction.lisp, /home/michael/workspace/TRI_catkin_ws/devel/share/common-lisp/ros/ur_msgs/msg/FollowCartesianTrajectoryAction.lisp)
Cleaning: (/home/michael/workspace/TRI_catkin_ws/devel/.private/ur_msgs/lib/python2.7/dist-packages/ur_msgs/srv/_GripperMove.py, /home/michael/workspace/TRI_catkin_ws/devel/lib/python2.7/dist-packages/ur_msgs/srv/_GripperMove.py)
Cleaning: (/home/michael/workspace/TRI_catkin_ws/devel/.private/ur_msgs/lib/python2.7/dist-packages/ur_msgs/msg/_FollowCartesianTrajectoryResult.py, /home/michael/workspace/TRI_catkin_ws/devel/lib/python2.7/dist-packages/ur_msgs/msg/_FollowCartesianTrajectoryResult.py)
Cleaning: (/home/michael/workspace/TRI_catkin_ws/devel/.private/ur_msgs/lib/python2.7/dist-packages/ur_msgs/msg/_FollowCartesianTrajectoryActionGoal.py, /home/michael/workspace/TRI_catkin_ws/devel/lib/python2.7/dist-packages/ur_msgs/msg/_FollowCartesianTrajectoryActionGoal.py)
Cleaning: (/home/michael/workspace/TRI_catkin_ws/devel/.private/ur_msgs/lib/python2.7/dist-packages/ur_msgs/msg/_FollowCartesianTrajectoryActionFeedback.py, /home/michael/workspace/TRI_catkin_ws/devel/lib/python2.7/dist-packages/ur_msgs/msg/_FollowCartesianTrajectoryActionFeedback.py)
Cleaning: (/home/michael/workspace/TRI_catkin_ws/devel/.private/ur_msgs/lib/python2.7/dist-packages/ur_msgs/msg/_FollowCartesianTrajectoryFeedback.py, /home/michael/workspace/TRI_catkin_ws/devel/lib/python2.7/dist-packages/ur_msgs/msg/_FollowCartesianTrajectoryFeedback.py)
Cleaning: (/home/michael/workspace/TRI_catkin_ws/devel/.private/ur_msgs/lib/python2.7/dist-packages/ur_msgs/msg/_FollowCartesianTrajectoryGoal.py, /home/michael/workspace/TRI_catkin_ws/devel/lib/python2.7/dist-packages/ur_msgs/msg/_FollowCartesianTrajectoryGoal.py)
Cleaning: (/home/michael/workspace/TRI_catkin_ws/devel/.private/ur_msgs/lib/python2.7/dist-packages/ur_msgs/msg/_FollowCartesianTrajectoryActionResult.py, /home/michael/workspace/TRI_catkin_ws/devel/lib/python2.7/dist-packages/ur_msgs/msg/_FollowCartesianTrajectoryActionResult.py)
Cleaning: (/home/michael/workspace/TRI_catkin_ws/devel/.private/ur_msgs/lib/python2.7/dist-packages/ur_msgs/msg/_FollowCartesianTrajectoryAction.py, /home/michael/workspace/TRI_catkin_ws/devel/lib/python2.7/dist-packages/ur_msgs/msg/_FollowCartesianTrajectoryAction.py)
Unlinking: /home/michael/workspace/TRI_catkin_ws/devel/include/ur_msgs/GripperMoveResponse.h
Already unlinked: {}
Unlinking: /home/michael/workspace/TRI_catkin_ws/devel/include/ur_msgs/FollowCartesianTrajectoryActionResult.h
Already unlinked: {}
Unlinking: /home/michael/workspace/TRI_catkin_ws/devel/include/ur_msgs/GripperMoveRequest.h
Already unlinked: {}
Unlinking: /home/michael/workspace/TRI_catkin_ws/devel/include/ur_msgs/FollowCartesianTrajectoryResult.h
Already unlinked: {}
Unlinking: /home/michael/workspace/TRI_catkin_ws/devel/include/ur_msgs/FollowCartesianTrajectoryGoal.h
Already unlinked: {}
Unlinking: /home/michael/workspace/TRI_catkin_ws/devel/include/ur_msgs/FollowCartesianTrajectoryFeedback.h
Already unlinked: {}
Unlinking: /home/michael/workspace/TRI_catkin_ws/devel/include/ur_msgs/GripperMove.h
Already unlinked: {}
Unlinking: /home/michael/workspace/TRI_catkin_ws/devel/include/ur_msgs/FollowCartesianTrajectoryActionFeedback.h
Already unlinked: {}
Unlinking: /home/michael/workspace/TRI_catkin_ws/devel/include/ur_msgs/FollowCartesianTrajectoryAction.h
Already unlinked: {}
Unlinking: /home/michael/workspace/TRI_catkin_ws/devel/include/ur_msgs/FollowCartesianTrajectoryActionGoal.h
Already unlinked: {}
Unlinking: /home/michael/workspace/TRI_catkin_ws/devel/share/ur_msgs/msg/FollowCartesianTrajectoryAction.msg
Already unlinked: {}
Unlinking: /home/michael/workspace/TRI_catkin_ws/devel/share/ur_msgs/msg/FollowCartesianTrajectoryFeedback.msg
Already unlinked: {}
Unlinking: /home/michael/workspace/TRI_catkin_ws/devel/share/ur_msgs/msg/FollowCartesianTrajectoryActionFeedback.msg
Already unlinked: {}
Unlinking: /home/michael/workspace/TRI_catkin_ws/devel/share/ur_msgs/msg/FollowCartesianTrajectoryActionGoal.msg
Already unlinked: {}
Unlinking: /home/michael/workspace/TRI_catkin_ws/devel/share/ur_msgs/msg/FollowCartesianTrajectoryActionResult.msg
Already unlinked: {}
Unlinking: /home/michael/workspace/TRI_catkin_ws/devel/share/ur_msgs/msg/FollowCartesianTrajectoryResult.msg
Already unlinked: {}
Unlinking: /home/michael/workspace/TRI_catkin_ws/devel/share/ur_msgs/msg/FollowCartesianTrajectoryGoal.msg
Already unlinked: {}
Unlinking: /home/michael/workspace/TRI_catkin_ws/devel/share/gennodejs/ros/ur_msgs/srv/GripperMove.js
Already unlinked: {}
Unlinking: /home/michael/workspace/TRI_catkin_ws/devel/share/gennodejs/ros/ur_msgs/msg/FollowCartesianTrajectoryActionFeedback.js
Already unlinked: {}
Unlinking: /home/michael/workspace/TRI_catkin_ws/devel/share/gennodejs/ros/ur_msgs/msg/FollowCartesianTrajectoryActionResult.js
Already unlinked: {}
Unlinking: /home/michael/workspace/TRI_catkin_ws/devel/share/gennodejs/ros/ur_msgs/msg/FollowCartesianTrajectoryActionGoal.js
Already unlinked: {}
Unlinking: /home/michael/workspace/TRI_catkin_ws/devel/share/gennodejs/ros/ur_msgs/msg/FollowCartesianTrajectoryResult.js
Already unlinked: {}
Unlinking: /home/michael/workspace/TRI_catkin_ws/devel/share/gennodejs/ros/ur_msgs/msg/FollowCartesianTrajectoryFeedback.js
Already unlinked: {}
Unlinking: /home/michael/workspace/TRI_catkin_ws/devel/share/gennodejs/ros/ur_msgs/msg/FollowCartesianTrajectoryGoal.js
Already unlinked: {}
Unlinking: /home/michael/workspace/TRI_catkin_ws/devel/share/gennodejs/ros/ur_msgs/msg/FollowCartesianTrajectoryAction.js
Already unlinked: {}
Unlinking: /home/michael/workspace/TRI_catkin_ws/devel/share/roseus/ros/ur_msgs/srv/GripperMove.l
Already unlinked: {}
Unlinking: /home/michael/workspace/TRI_catkin_ws/devel/share/roseus/ros/ur_msgs/msg/FollowCartesianTrajectoryAction.l
Already unlinked: {}
Unlinking: /home/michael/workspace/TRI_catkin_ws/devel/share/roseus/ros/ur_msgs/msg/FollowCartesianTrajectoryGoal.l
Already unlinked: {}
Unlinking: /home/michael/workspace/TRI_catkin_ws/devel/share/roseus/ros/ur_msgs/msg/FollowCartesianTrajectoryFeedback.l
Already unlinked: {}
Unlinking: /home/michael/workspace/TRI_catkin_ws/devel/share/roseus/ros/ur_msgs/msg/FollowCartesianTrajectoryActionGoal.l
Already unlinked: {}
Unlinking: /home/michael/workspace/TRI_catkin_ws/devel/share/roseus/ros/ur_msgs/msg/FollowCartesianTrajectoryActionResult.l
Already unlinked: {}
Unlinking: /home/michael/workspace/TRI_catkin_ws/devel/share/roseus/ros/ur_msgs/msg/FollowCartesianTrajectoryResult.l
Already unlinked: {}
Unlinking: /home/michael/workspace/TRI_catkin_ws/devel/share/roseus/ros/ur_msgs/msg/FollowCartesianTrajectoryActionFeedback.l
Already unlinked: {}
Unlinking: /home/michael/workspace/TRI_catkin_ws/devel/share/common-lisp/ros/ur_msgs/srv/_package_GripperMove.lisp
Already unlinked: {}
Unlinking: /home/michael/workspace/TRI_catkin_ws/devel/share/common-lisp/ros/ur_msgs/srv/GripperMove.lisp
Already unlinked: {}
Unlinking: /home/michael/workspace/TRI_catkin_ws/devel/share/common-lisp/ros/ur_msgs/msg/_package_FollowCartesianTrajectoryActionResult.lisp
Already unlinked: {}
Unlinking: /home/michael/workspace/TRI_catkin_ws/devel/share/common-lisp/ros/ur_msgs/msg/_package_FollowCartesianTrajectoryGoal.lisp
Already unlinked: {}
Unlinking: /home/michael/workspace/TRI_catkin_ws/devel/share/common-lisp/ros/ur_msgs/msg/_package_FollowCartesianTrajectoryResult.lisp
Already unlinked: {}
Unlinking: /home/michael/workspace/TRI_catkin_ws/devel/share/common-lisp/ros/ur_msgs/msg/FollowCartesianTrajectoryResult.lisp
Already unlinked: {}
Unlinking: /home/michael/workspace/TRI_catkin_ws/devel/share/common-lisp/ros/ur_msgs/msg/FollowCartesianTrajectoryFeedback.lisp
Already unlinked: {}
Unlinking: /home/michael/workspace/TRI_catkin_ws/devel/share/common-lisp/ros/ur_msgs/msg/FollowCartesianTrajectoryActionResult.lisp
Already unlinked: {}
Unlinking: /home/michael/workspace/TRI_catkin_ws/devel/share/common-lisp/ros/ur_msgs/msg/_package_FollowCartesianTrajectoryActionFeedback.lisp
Already unlinked: {}
Unlinking: /home/michael/workspace/TRI_catkin_ws/devel/share/common-lisp/ros/ur_msgs/msg/_package_FollowCartesianTrajectoryFeedback.lisp
Already unlinked: {}
Unlinking: /home/michael/workspace/TRI_catkin_ws/devel/share/common-lisp/ros/ur_msgs/msg/FollowCartesianTrajectoryActionFeedback.lisp
Already unlinked: {}
Unlinking: /home/michael/workspace/TRI_catkin_ws/devel/share/common-lisp/ros/ur_msgs/msg/_package_FollowCartesianTrajectoryAction.lisp
Already unlinked: {}
Unlinking: /home/michael/workspace/TRI_catkin_ws/devel/share/common-lisp/ros/ur_msgs/msg/FollowCartesianTrajectoryGoal.lisp
Already unlinked: {}
Unlinking: /home/michael/workspace/TRI_catkin_ws/devel/share/common-lisp/ros/ur_msgs/msg/_package_FollowCartesianTrajectoryActionGoal.lisp
Already unlinked: {}
Unlinking: /home/michael/workspace/TRI_catkin_ws/devel/share/common-lisp/ros/ur_msgs/msg/FollowCartesianTrajectoryActionGoal.lisp
Already unlinked: {}
Unlinking: /home/michael/workspace/TRI_catkin_ws/devel/share/common-lisp/ros/ur_msgs/msg/FollowCartesianTrajectoryAction.lisp
Already unlinked: {}
Unlinking: /home/michael/workspace/TRI_catkin_ws/devel/lib/python2.7/dist-packages/ur_msgs/srv/_GripperMove.py
Already unlinked: {}
Unlinking: /home/michael/workspace/TRI_catkin_ws/devel/lib/python2.7/dist-packages/ur_msgs/msg/_FollowCartesianTrajectoryResult.py
Already unlinked: {}
Unlinking: /home/michael/workspace/TRI_catkin_ws/devel/lib/python2.7/dist-packages/ur_msgs/msg/_FollowCartesianTrajectoryActionGoal.py
Already unlinked: {}
Unlinking: /home/michael/workspace/TRI_catkin_ws/devel/lib/python2.7/dist-packages/ur_msgs/msg/_FollowCartesianTrajectoryActionFeedback.py
Already unlinked: {}
Unlinking: /home/michael/workspace/TRI_catkin_ws/devel/lib/python2.7/dist-packages/ur_msgs/msg/_FollowCartesianTrajectoryFeedback.py
Already unlinked: {}
Unlinking: /home/michael/workspace/TRI_catkin_ws/devel/lib/python2.7/dist-packages/ur_msgs/msg/_FollowCartesianTrajectoryGoal.py
Already unlinked: {}
Unlinking: /home/michael/workspace/TRI_catkin_ws/devel/lib/python2.7/dist-packages/ur_msgs/msg/_FollowCartesianTrajectoryActionResult.py
Already unlinked: {}
Unlinking: /home/michael/workspace/TRI_catkin_ws/devel/lib/python2.7/dist-packages/ur_msgs/msg/_FollowCartesianTrajectoryAction.py
Already unlinked: {}
