Symlinking /home/michael/workspace/TRI_catkin_ws/devel/include/ur_msgs/Digital.h
Symlinking /home/michael/workspace/TRI_catkin_ws/devel/include/ur_msgs/SetIO.h
Symlinking /home/michael/workspace/TRI_catkin_ws/devel/include/ur_msgs/SetPayload.h
Symlinking /home/michael/workspace/TRI_catkin_ws/devel/include/ur_msgs/SetPayloadResponse.h
Symlinking /home/michael/workspace/TRI_catkin_ws/devel/include/ur_msgs/GripperMoveResponse.h
Symlinking /home/michael/workspace/TRI_catkin_ws/devel/include/ur_msgs/FollowCartesianTrajectoryActionResult.h
Symlinking /home/michael/workspace/TRI_catkin_ws/devel/include/ur_msgs/SetIORequest.h
Symlinking /home/michael/workspace/TRI_catkin_ws/devel/include/ur_msgs/GripperMoveRequest.h
Symlinking /home/michael/workspace/TRI_catkin_ws/devel/include/ur_msgs/RobotStateRTMsg.h
Symlinking /home/michael/workspace/TRI_catkin_ws/devel/include/ur_msgs/Analog.h
Symlinking /home/michael/workspace/TRI_catkin_ws/devel/include/ur_msgs/SetPayloadRequest.h
Symlinking /home/michael/workspace/TRI_catkin_ws/devel/include/ur_msgs/FollowCartesianTrajectoryResult.h
Symlinking /home/michael/workspace/TRI_catkin_ws/devel/include/ur_msgs/SetIOResponse.h
Symlinking /home/michael/workspace/TRI_catkin_ws/devel/include/ur_msgs/FollowCartesianTrajectoryGoal.h
Symlinking /home/michael/workspace/TRI_catkin_ws/devel/include/ur_msgs/FollowCartesianTrajectoryFeedback.h
Symlinking /home/michael/workspace/TRI_catkin_ws/devel/include/ur_msgs/IOStates.h
Symlinking /home/michael/workspace/TRI_catkin_ws/devel/include/ur_msgs/GripperMove.h
Symlinking /home/michael/workspace/TRI_catkin_ws/devel/include/ur_msgs/MasterboardDataMsg.h
Symlinking /home/michael/workspace/TRI_catkin_ws/devel/include/ur_msgs/FollowCartesianTrajectoryActionFeedback.h
Symlinking /home/michael/workspace/TRI_catkin_ws/devel/include/ur_msgs/FollowCartesianTrajectoryAction.h
Symlinking /home/michael/workspace/TRI_catkin_ws/devel/include/ur_msgs/ToolDataMsg.h
Symlinking /home/michael/workspace/TRI_catkin_ws/devel/include/ur_msgs/FollowCartesianTrajectoryActionGoal.h
Symlinking /home/michael/workspace/TRI_catkin_ws/devel/share/ur_msgs/cmake/ur_msgsConfig-version.cmake
Symlinking /home/michael/workspace/TRI_catkin_ws/devel/share/ur_msgs/cmake/ur_msgs-msg-paths.cmake
Symlinking /home/michael/workspace/TRI_catkin_ws/devel/share/ur_msgs/cmake/ur_msgs-msg-extras.cmake
Symlinking /home/michael/workspace/TRI_catkin_ws/devel/share/ur_msgs/cmake/ur_msgsConfig.cmake
Symlinking /home/michael/workspace/TRI_catkin_ws/devel/share/ur_msgs/msg/FollowCartesianTrajectoryAction.msg
Symlinking /home/michael/workspace/TRI_catkin_ws/devel/share/ur_msgs/msg/FollowCartesianTrajectoryFeedback.msg
Symlinking /home/michael/workspace/TRI_catkin_ws/devel/share/ur_msgs/msg/FollowCartesianTrajectoryActionFeedback.msg
Symlinking /home/michael/workspace/TRI_catkin_ws/devel/share/ur_msgs/msg/FollowCartesianTrajectoryActionGoal.msg
Symlinking /home/michael/workspace/TRI_catkin_ws/devel/share/ur_msgs/msg/FollowCartesianTrajectoryActionResult.msg
Symlinking /home/michael/workspace/TRI_catkin_ws/devel/share/ur_msgs/msg/FollowCartesianTrajectoryResult.msg
Symlinking /home/michael/workspace/TRI_catkin_ws/devel/share/ur_msgs/msg/FollowCartesianTrajectoryGoal.msg
Symlinking /home/michael/workspace/TRI_catkin_ws/devel/share/gennodejs/ros/ur_msgs/_index.js
Symlinking /home/michael/workspace/TRI_catkin_ws/devel/share/gennodejs/ros/ur_msgs/srv/_index.js
Symlinking /home/michael/workspace/TRI_catkin_ws/devel/share/gennodejs/ros/ur_msgs/srv/GripperMove.js
Symlinking /home/michael/workspace/TRI_catkin_ws/devel/share/gennodejs/ros/ur_msgs/srv/SetPayload.js
Symlinking /home/michael/workspace/TRI_catkin_ws/devel/share/gennodejs/ros/ur_msgs/srv/SetIO.js
Symlinking /home/michael/workspace/TRI_catkin_ws/devel/share/gennodejs/ros/ur_msgs/msg/FollowCartesianTrajectoryActionFeedback.js
Symlinking /home/michael/workspace/TRI_catkin_ws/devel/share/gennodejs/ros/ur_msgs/msg/Analog.js
Symlinking /home/michael/workspace/TRI_catkin_ws/devel/share/gennodejs/ros/ur_msgs/msg/FollowCartesianTrajectoryActionResult.js
Symlinking /home/michael/workspace/TRI_catkin_ws/devel/share/gennodejs/ros/ur_msgs/msg/FollowCartesianTrajectoryActionGoal.js
Symlinking /home/michael/workspace/TRI_catkin_ws/devel/share/gennodejs/ros/ur_msgs/msg/_index.js
Symlinking /home/michael/workspace/TRI_catkin_ws/devel/share/gennodejs/ros/ur_msgs/msg/RobotStateRTMsg.js
Symlinking /home/michael/workspace/TRI_catkin_ws/devel/share/gennodejs/ros/ur_msgs/msg/IOStates.js
Symlinking /home/michael/workspace/TRI_catkin_ws/devel/share/gennodejs/ros/ur_msgs/msg/FollowCartesianTrajectoryResult.js
Symlinking /home/michael/workspace/TRI_catkin_ws/devel/share/gennodejs/ros/ur_msgs/msg/ToolDataMsg.js
Symlinking /home/michael/workspace/TRI_catkin_ws/devel/share/gennodejs/ros/ur_msgs/msg/Digital.js
Symlinking /home/michael/workspace/TRI_catkin_ws/devel/share/gennodejs/ros/ur_msgs/msg/MasterboardDataMsg.js
Symlinking /home/michael/workspace/TRI_catkin_ws/devel/share/gennodejs/ros/ur_msgs/msg/FollowCartesianTrajectoryFeedback.js
Symlinking /home/michael/workspace/TRI_catkin_ws/devel/share/gennodejs/ros/ur_msgs/msg/FollowCartesianTrajectoryGoal.js
Symlinking /home/michael/workspace/TRI_catkin_ws/devel/share/gennodejs/ros/ur_msgs/msg/FollowCartesianTrajectoryAction.js
Symlinking /home/michael/workspace/TRI_catkin_ws/devel/share/roseus/ros/ur_msgs/manifest.l
Symlinking /home/michael/workspace/TRI_catkin_ws/devel/share/roseus/ros/ur_msgs/srv/SetPayload.l
Symlinking /home/michael/workspace/TRI_catkin_ws/devel/share/roseus/ros/ur_msgs/srv/GripperMove.l
Symlinking /home/michael/workspace/TRI_catkin_ws/devel/share/roseus/ros/ur_msgs/srv/SetIO.l
Symlinking /home/michael/workspace/TRI_catkin_ws/devel/share/roseus/ros/ur_msgs/msg/Analog.l
Symlinking /home/michael/workspace/TRI_catkin_ws/devel/share/roseus/ros/ur_msgs/msg/RobotStateRTMsg.l
Symlinking /home/michael/workspace/TRI_catkin_ws/devel/share/roseus/ros/ur_msgs/msg/FollowCartesianTrajectoryAction.l
Symlinking /home/michael/workspace/TRI_catkin_ws/devel/share/roseus/ros/ur_msgs/msg/FollowCartesianTrajectoryGoal.l
Symlinking /home/michael/workspace/TRI_catkin_ws/devel/share/roseus/ros/ur_msgs/msg/FollowCartesianTrajectoryFeedback.l
Symlinking /home/michael/workspace/TRI_catkin_ws/devel/share/roseus/ros/ur_msgs/msg/Digital.l
Symlinking /home/michael/workspace/TRI_catkin_ws/devel/share/roseus/ros/ur_msgs/msg/FollowCartesianTrajectoryActionGoal.l
Symlinking /home/michael/workspace/TRI_catkin_ws/devel/share/roseus/ros/ur_msgs/msg/ToolDataMsg.l
Symlinking /home/michael/workspace/TRI_catkin_ws/devel/share/roseus/ros/ur_msgs/msg/FollowCartesianTrajectoryActionResult.l
Symlinking /home/michael/workspace/TRI_catkin_ws/devel/share/roseus/ros/ur_msgs/msg/MasterboardDataMsg.l
Symlinking /home/michael/workspace/TRI_catkin_ws/devel/share/roseus/ros/ur_msgs/msg/FollowCartesianTrajectoryResult.l
Symlinking /home/michael/workspace/TRI_catkin_ws/devel/share/roseus/ros/ur_msgs/msg/FollowCartesianTrajectoryActionFeedback.l
Symlinking /home/michael/workspace/TRI_catkin_ws/devel/share/roseus/ros/ur_msgs/msg/IOStates.l
Symlinking /home/michael/workspace/TRI_catkin_ws/devel/share/common-lisp/ros/ur_msgs/srv/_package_GripperMove.lisp
Symlinking /home/michael/workspace/TRI_catkin_ws/devel/share/common-lisp/ros/ur_msgs/srv/_package.lisp
Symlinking /home/michael/workspace/TRI_catkin_ws/devel/share/common-lisp/ros/ur_msgs/srv/ur_msgs-srv.asd
Symlinking /home/michael/workspace/TRI_catkin_ws/devel/share/common-lisp/ros/ur_msgs/srv/_package_SetIO.lisp
Symlinking /home/michael/workspace/TRI_catkin_ws/devel/share/common-lisp/ros/ur_msgs/srv/SetIO.lisp
Symlinking /home/michael/workspace/TRI_catkin_ws/devel/share/common-lisp/ros/ur_msgs/srv/_package_SetPayload.lisp
Symlinking /home/michael/workspace/TRI_catkin_ws/devel/share/common-lisp/ros/ur_msgs/srv/GripperMove.lisp
Symlinking /home/michael/workspace/TRI_catkin_ws/devel/share/common-lisp/ros/ur_msgs/srv/SetPayload.lisp
Symlinking /home/michael/workspace/TRI_catkin_ws/devel/share/common-lisp/ros/ur_msgs/msg/Analog.lisp
Symlinking /home/michael/workspace/TRI_catkin_ws/devel/share/common-lisp/ros/ur_msgs/msg/Digital.lisp
Symlinking /home/michael/workspace/TRI_catkin_ws/devel/share/common-lisp/ros/ur_msgs/msg/_package_IOStates.lisp
Symlinking /home/michael/workspace/TRI_catkin_ws/devel/share/common-lisp/ros/ur_msgs/msg/_package.lisp
Symlinking /home/michael/workspace/TRI_catkin_ws/devel/share/common-lisp/ros/ur_msgs/msg/_package_FollowCartesianTrajectoryActionResult.lisp
Symlinking /home/michael/workspace/TRI_catkin_ws/devel/share/common-lisp/ros/ur_msgs/msg/_package_FollowCartesianTrajectoryGoal.lisp
Symlinking /home/michael/workspace/TRI_catkin_ws/devel/share/common-lisp/ros/ur_msgs/msg/_package_Digital.lisp
Symlinking /home/michael/workspace/TRI_catkin_ws/devel/share/common-lisp/ros/ur_msgs/msg/_package_FollowCartesianTrajectoryResult.lisp
Symlinking /home/michael/workspace/TRI_catkin_ws/devel/share/common-lisp/ros/ur_msgs/msg/_package_MasterboardDataMsg.lisp
Symlinking /home/michael/workspace/TRI_catkin_ws/devel/share/common-lisp/ros/ur_msgs/msg/FollowCartesianTrajectoryResult.lisp
Symlinking /home/michael/workspace/TRI_catkin_ws/devel/share/common-lisp/ros/ur_msgs/msg/FollowCartesianTrajectoryFeedback.lisp
Symlinking /home/michael/workspace/TRI_catkin_ws/devel/share/common-lisp/ros/ur_msgs/msg/MasterboardDataMsg.lisp
Symlinking /home/michael/workspace/TRI_catkin_ws/devel/share/common-lisp/ros/ur_msgs/msg/FollowCartesianTrajectoryActionResult.lisp
Symlinking /home/michael/workspace/TRI_catkin_ws/devel/share/common-lisp/ros/ur_msgs/msg/_package_FollowCartesianTrajectoryActionFeedback.lisp
Symlinking /home/michael/workspace/TRI_catkin_ws/devel/share/common-lisp/ros/ur_msgs/msg/_package_FollowCartesianTrajectoryFeedback.lisp
Symlinking /home/michael/workspace/TRI_catkin_ws/devel/share/common-lisp/ros/ur_msgs/msg/RobotStateRTMsg.lisp
Symlinking /home/michael/workspace/TRI_catkin_ws/devel/share/common-lisp/ros/ur_msgs/msg/_package_RobotStateRTMsg.lisp
Symlinking /home/michael/workspace/TRI_catkin_ws/devel/share/common-lisp/ros/ur_msgs/msg/FollowCartesianTrajectoryActionFeedback.lisp
Symlinking /home/michael/workspace/TRI_catkin_ws/devel/share/common-lisp/ros/ur_msgs/msg/ur_msgs-msg.asd
Symlinking /home/michael/workspace/TRI_catkin_ws/devel/share/common-lisp/ros/ur_msgs/msg/_package_ToolDataMsg.lisp
Symlinking /home/michael/workspace/TRI_catkin_ws/devel/share/common-lisp/ros/ur_msgs/msg/_package_FollowCartesianTrajectoryAction.lisp
Symlinking /home/michael/workspace/TRI_catkin_ws/devel/share/common-lisp/ros/ur_msgs/msg/FollowCartesianTrajectoryGoal.lisp
Symlinking /home/michael/workspace/TRI_catkin_ws/devel/share/common-lisp/ros/ur_msgs/msg/IOStates.lisp
Symlinking /home/michael/workspace/TRI_catkin_ws/devel/share/common-lisp/ros/ur_msgs/msg/_package_FollowCartesianTrajectoryActionGoal.lisp
Symlinking /home/michael/workspace/TRI_catkin_ws/devel/share/common-lisp/ros/ur_msgs/msg/FollowCartesianTrajectoryActionGoal.lisp
Symlinking /home/michael/workspace/TRI_catkin_ws/devel/share/common-lisp/ros/ur_msgs/msg/ToolDataMsg.lisp
Symlinking /home/michael/workspace/TRI_catkin_ws/devel/share/common-lisp/ros/ur_msgs/msg/_package_Analog.lisp
Symlinking /home/michael/workspace/TRI_catkin_ws/devel/share/common-lisp/ros/ur_msgs/msg/FollowCartesianTrajectoryAction.lisp
Symlinking /home/michael/workspace/TRI_catkin_ws/devel/lib/pkgconfig/ur_msgs.pc
Symlinking /home/michael/workspace/TRI_catkin_ws/devel/lib/python2.7/dist-packages/ur_msgs/__init__.py
Symlinking /home/michael/workspace/TRI_catkin_ws/devel/lib/python2.7/dist-packages/ur_msgs/srv/_SetIO.py
Symlinking /home/michael/workspace/TRI_catkin_ws/devel/lib/python2.7/dist-packages/ur_msgs/srv/__init__.py
Symlinking /home/michael/workspace/TRI_catkin_ws/devel/lib/python2.7/dist-packages/ur_msgs/srv/_SetPayload.py
Symlinking /home/michael/workspace/TRI_catkin_ws/devel/lib/python2.7/dist-packages/ur_msgs/srv/_GripperMove.py
Symlinking /home/michael/workspace/TRI_catkin_ws/devel/lib/python2.7/dist-packages/ur_msgs/msg/_Analog.py
Symlinking /home/michael/workspace/TRI_catkin_ws/devel/lib/python2.7/dist-packages/ur_msgs/msg/_FollowCartesianTrajectoryResult.py
Symlinking /home/michael/workspace/TRI_catkin_ws/devel/lib/python2.7/dist-packages/ur_msgs/msg/_FollowCartesianTrajectoryActionGoal.py
Symlinking /home/michael/workspace/TRI_catkin_ws/devel/lib/python2.7/dist-packages/ur_msgs/msg/__init__.py
Symlinking /home/michael/workspace/TRI_catkin_ws/devel/lib/python2.7/dist-packages/ur_msgs/msg/_Digital.py
Symlinking /home/michael/workspace/TRI_catkin_ws/devel/lib/python2.7/dist-packages/ur_msgs/msg/_IOStates.py
Symlinking /home/michael/workspace/TRI_catkin_ws/devel/lib/python2.7/dist-packages/ur_msgs/msg/_FollowCartesianTrajectoryActionFeedback.py
Symlinking /home/michael/workspace/TRI_catkin_ws/devel/lib/python2.7/dist-packages/ur_msgs/msg/_FollowCartesianTrajectoryFeedback.py
Symlinking /home/michael/workspace/TRI_catkin_ws/devel/lib/python2.7/dist-packages/ur_msgs/msg/_MasterboardDataMsg.py
Symlinking /home/michael/workspace/TRI_catkin_ws/devel/lib/python2.7/dist-packages/ur_msgs/msg/_ToolDataMsg.py
Symlinking /home/michael/workspace/TRI_catkin_ws/devel/lib/python2.7/dist-packages/ur_msgs/msg/_FollowCartesianTrajectoryGoal.py
Symlinking /home/michael/workspace/TRI_catkin_ws/devel/lib/python2.7/dist-packages/ur_msgs/msg/_RobotStateRTMsg.py
Symlinking /home/michael/workspace/TRI_catkin_ws/devel/lib/python2.7/dist-packages/ur_msgs/msg/_FollowCartesianTrajectoryActionResult.py
Symlinking /home/michael/workspace/TRI_catkin_ws/devel/lib/python2.7/dist-packages/ur_msgs/msg/_FollowCartesianTrajectoryAction.py
