In file included from [01m[K/home/michael/workspace/TRI_catkin_ws/src/universal_robot/ur_kinematics/src/ur_moveit_plugin.cpp:75:0[m[K:
[01m[K/opt/ros/melodic/include/class_loader/class_loader.h:36:2:[m[K [01;35m[Kwarning: [m[K#warning Including header <class_loader/class_loader.h> is deprecated, include <class_loader/class_loader.hpp> instead. [[01;35m[K-Wcpp[m[K]
 #[01;35m[Kwarning[m[K Including header <class_loader/class_loader.h> is deprecated, \
  [01;35m[K^~~~~~~[m[K
In file included from [01m[K/home/michael/workspace/TRI_catkin_ws/src/universal_robot/ur_kinematics/src/ur_moveit_plugin.cpp:75:0[m[K:
[01m[K/opt/ros/melodic/include/class_loader/class_loader.h:36:2:[m[K [01;35m[Kwarning: [m[K#warning Including header <class_loader/class_loader.h> is deprecated, include <class_loader/class_loader.hpp> instead. [[01;35m[K-Wcpp[m[K]
 #[01;35m[Kwarning[m[K Including header <class_loader/class_loader.h> is deprecated, \
  [01;35m[K^~~~~~~[m[K
In file included from [01m[K/home/michael/workspace/TRI_catkin_ws/src/universal_robot/ur_kinematics/src/ur_moveit_plugin.cpp:75:0[m[K:
[01m[K/opt/ros/melodic/include/class_loader/class_loader.h:36:2:[m[K [01;35m[Kwarning: [m[K#warning Including header <class_loader/class_loader.h> is deprecated, include <class_loader/class_loader.hpp> instead. [[01;35m[K-Wcpp[m[K]
 #[01;35m[Kwarning[m[K Including header <class_loader/class_loader.h> is deprecated, \
  [01;35m[K^~~~~~~[m[K
In file included from [01m[K/home/michael/workspace/TRI_catkin_ws/src/universal_robot/ur_kinematics/src/ur_moveit_plugin.cpp:88:0[m[K:
[01m[K/home/michael/workspace/TRI_catkin_ws/src/universal_robot/ur_kinematics/include/ur_kinematics/ur_moveit_plugin.h:97:10:[m[K [01;31m[Kfatal error: [m[Kmoveit/kdl_kinematics_plugin/chainiksolver_pos_nr_jl_mimic.hpp: No such file or directory
 #include [01;31m[K<moveit/kdl_kinematics_plugin/chainiksolver_pos_nr_jl_mimic.hpp>[m[K
          [01;31m[K^~~~~~~~~~~~~~~~~~~~~~~~~~~~~~~~~~~~~~~~~~~~~~~~~~~~~~~~~~~~~~~~[m[K
compilation terminated.
make[2]: *** [CMakeFiles/ur10_moveit_plugin.dir/src/ur_moveit_plugin.cpp.o] Error 1
make[1]: *** [CMakeFiles/ur10_moveit_plugin.dir/all] Error 2
make[1]: *** Waiting for unfinished jobs....
In file included from [01m[K/home/michael/workspace/TRI_catkin_ws/src/universal_robot/ur_kinematics/src/ur_moveit_plugin.cpp:88:0[m[K:
[01m[K/home/michael/workspace/TRI_catkin_ws/src/universal_robot/ur_kinematics/include/ur_kinematics/ur_moveit_plugin.h:97:10:[m[K [01;31m[Kfatal error: [m[Kmoveit/kdl_kinematics_plugin/chainiksolver_pos_nr_jl_mimic.hpp: No such file or directory
 #include [01;31m[K<moveit/kdl_kinematics_plugin/chainiksolver_pos_nr_jl_mimic.hpp>[m[K
          [01;31m[K^~~~~~~~~~~~~~~~~~~~~~~~~~~~~~~~~~~~~~~~~~~~~~~~~~~~~~~~~~~~~~~~[m[K
compilation terminated.
make[2]: *** [CMakeFiles/ur3_moveit_plugin.dir/src/ur_moveit_plugin.cpp.o] Error 1
make[1]: *** [CMakeFiles/ur3_moveit_plugin.dir/all] Error 2
In file included from [01m[K/home/michael/workspace/TRI_catkin_ws/src/universal_robot/ur_kinematics/src/ur_moveit_plugin.cpp:88:0[m[K:
[01m[K/home/michael/workspace/TRI_catkin_ws/src/universal_robot/ur_kinematics/include/ur_kinematics/ur_moveit_plugin.h:97:10:[m[K [01;31m[Kfatal error: [m[Kmoveit/kdl_kinematics_plugin/chainiksolver_pos_nr_jl_mimic.hpp: No such file or directory
 #include [01;31m[K<moveit/kdl_kinematics_plugin/chainiksolver_pos_nr_jl_mimic.hpp>[m[K
          [01;31m[K^~~~~~~~~~~~~~~~~~~~~~~~~~~~~~~~~~~~~~~~~~~~~~~~~~~~~~~~~~~~~~~~[m[K
compilation terminated.
make[2]: *** [CMakeFiles/ur5_moveit_plugin.dir/src/ur_moveit_plugin.cpp.o] Error 1
make[1]: *** [CMakeFiles/ur5_moveit_plugin.dir/all] Error 2
make: *** [all] Error 2
