[35m[1mScanning dependencies of target ur10_kin[0m
[  8%] [32mBuilding CXX object CMakeFiles/ur10_kin.dir/src/ur_kin.cpp.o[0m
[35m[1mScanning dependencies of target ur3_kin[0m
[35m[1mScanning dependencies of target ur5_kin[0m
[ 16%] [32mBuilding CXX object CMakeFiles/ur3_kin.dir/src/ur_kin.cpp.o[0m
[ 25%] [32mBuilding CXX object CMakeFiles/ur5_kin.dir/src/ur_kin.cpp.o[0m
[ 33%] [32m[1mLinking CXX shared library /home/michael/workspace/TRI_catkin_ws/devel/.private/ur_kinematics/lib/libur10_kin.so[0m
[ 41%] [32m[1mLinking CXX shared library /home/michael/workspace/TRI_catkin_ws/devel/.private/ur_kinematics/lib/libur5_kin.so[0m
[ 50%] [32m[1mLinking CXX shared library /home/michael/workspace/TRI_catkin_ws/devel/.private/ur_kinematics/lib/libur3_kin.so[0m
[ 50%] Built target ur10_kin
[35m[1mScanning dependencies of target ur10_moveit_plugin[0m
[ 50%] Built target ur3_kin
[ 50%] Built target ur5_kin
[ 58%] [32mBuilding CXX object CMakeFiles/ur10_moveit_plugin.dir/src/ur_moveit_plugin.cpp.o[0m
[35m[1mScanning dependencies of target ur3_moveit_plugin[0m
In file included from [01m[K/home/michael/workspace/TRI_catkin_ws/src/universal_robot/ur_kinematics/src/ur_moveit_plugin.cpp:75:0[m[K:
[01m[K/opt/ros/melodic/include/class_loader/class_loader.h:36:2:[m[K [01;35m[Kwarning: [m[K#warning Including header <class_loader/class_loader.h> is deprecated, include <class_loader/class_loader.hpp> instead. [[01;35m[K-Wcpp[m[K]
 #[01;35m[Kwarning[m[K Including header <class_loader/class_loader.h> is deprecated, \
  [01;35m[K^~~~~~~[m[K
[35m[1mScanning dependencies of target ur5_moveit_plugin[0m
[ 66%] [32mBuilding CXX object CMakeFiles/ur3_moveit_plugin.dir/src/ur_moveit_plugin.cpp.o[0m
In file included from [01m[K/home/michael/workspace/TRI_catkin_ws/src/universal_robot/ur_kinematics/src/ur_moveit_plugin.cpp:75:0[m[K:
[01m[K/opt/ros/melodic/include/class_loader/class_loader.h:36:2:[m[K [01;35m[Kwarning: [m[K#warning Including header <class_loader/class_loader.h> is deprecated, include <class_loader/class_loader.hpp> instead. [[01;35m[K-Wcpp[m[K]
 #[01;35m[Kwarning[m[K Including header <class_loader/class_loader.h> is deprecated, \
  [01;35m[K^~~~~~~[m[K
[ 75%] [32mBuilding CXX object CMakeFiles/ur5_moveit_plugin.dir/src/ur_moveit_plugin.cpp.o[0m
In file included from [01m[K/home/michael/workspace/TRI_catkin_ws/src/universal_robot/ur_kinematics/src/ur_moveit_plugin.cpp:75:0[m[K:
[01m[K/opt/ros/melodic/include/class_loader/class_loader.h:36:2:[m[K [01;35m[Kwarning: [m[K#warning Including header <class_loader/class_loader.h> is deprecated, include <class_loader/class_loader.hpp> instead. [[01;35m[K-Wcpp[m[K]
 #[01;35m[Kwarning[m[K Including header <class_loader/class_loader.h> is deprecated, \
  [01;35m[K^~~~~~~[m[K
In file included from [01m[K/home/michael/workspace/TRI_catkin_ws/src/universal_robot/ur_kinematics/src/ur_moveit_plugin.cpp:88:0[m[K:
[01m[K/home/michael/workspace/TRI_catkin_ws/src/universal_robot/ur_kinematics/include/ur_kinematics/ur_moveit_plugin.h:97:10:[m[K [01;31m[Kfatal error: [m[Kmoveit/kdl_kinematics_plugin/chainiksolver_pos_nr_jl_mimic.hpp: No such file or directory
 #include [01;31m[K<moveit/kdl_kinematics_plugin/chainiksolver_pos_nr_jl_mimic.hpp>[m[K
          [01;31m[K^~~~~~~~~~~~~~~~~~~~~~~~~~~~~~~~~~~~~~~~~~~~~~~~~~~~~~~~~~~~~~~~[m[K
compilation terminated.
CMakeFiles/ur10_moveit_plugin.dir/build.make:62: recipe for target 'CMakeFiles/ur10_moveit_plugin.dir/src/ur_moveit_plugin.cpp.o' failed
make[2]: *** [CMakeFiles/ur10_moveit_plugin.dir/src/ur_moveit_plugin.cpp.o] Error 1
CMakeFiles/Makefile2:67: recipe for target 'CMakeFiles/ur10_moveit_plugin.dir/all' failed
make[1]: *** [CMakeFiles/ur10_moveit_plugin.dir/all] Error 2
make[1]: *** Waiting for unfinished jobs....
In file included from [01m[K/home/michael/workspace/TRI_catkin_ws/src/universal_robot/ur_kinematics/src/ur_moveit_plugin.cpp:88:0[m[K:
[01m[K/home/michael/workspace/TRI_catkin_ws/src/universal_robot/ur_kinematics/include/ur_kinematics/ur_moveit_plugin.h:97:10:[m[K [01;31m[Kfatal error: [m[Kmoveit/kdl_kinematics_plugin/chainiksolver_pos_nr_jl_mimic.hpp: No such file or directory
 #include [01;31m[K<moveit/kdl_kinematics_plugin/chainiksolver_pos_nr_jl_mimic.hpp>[m[K
          [01;31m[K^~~~~~~~~~~~~~~~~~~~~~~~~~~~~~~~~~~~~~~~~~~~~~~~~~~~~~~~~~~~~~~~[m[K
compilation terminated.
CMakeFiles/ur3_moveit_plugin.dir/build.make:62: recipe for target 'CMakeFiles/ur3_moveit_plugin.dir/src/ur_moveit_plugin.cpp.o' failed
make[2]: *** [CMakeFiles/ur3_moveit_plugin.dir/src/ur_moveit_plugin.cpp.o] Error 1
CMakeFiles/Makefile2:141: recipe for target 'CMakeFiles/ur3_moveit_plugin.dir/all' failed
make[1]: *** [CMakeFiles/ur3_moveit_plugin.dir/all] Error 2
In file included from [01m[K/home/michael/workspace/TRI_catkin_ws/src/universal_robot/ur_kinematics/src/ur_moveit_plugin.cpp:88:0[m[K:
[01m[K/home/michael/workspace/TRI_catkin_ws/src/universal_robot/ur_kinematics/include/ur_kinematics/ur_moveit_plugin.h:97:10:[m[K [01;31m[Kfatal error: [m[Kmoveit/kdl_kinematics_plugin/chainiksolver_pos_nr_jl_mimic.hpp: No such file or directory
 #include [01;31m[K<moveit/kdl_kinematics_plugin/chainiksolver_pos_nr_jl_mimic.hpp>[m[K
          [01;31m[K^~~~~~~~~~~~~~~~~~~~~~~~~~~~~~~~~~~~~~~~~~~~~~~~~~~~~~~~~~~~~~~~[m[K
compilation terminated.
CMakeFiles/ur5_moveit_plugin.dir/build.make:62: recipe for target 'CMakeFiles/ur5_moveit_plugin.dir/src/ur_moveit_plugin.cpp.o' failed
CMakeFiles/Makefile2:104: recipe for target 'CMakeFiles/ur5_moveit_plugin.dir/all' failed
make[2]: *** [CMakeFiles/ur5_moveit_plugin.dir/src/ur_moveit_plugin.cpp.o] Error 1
make[1]: *** [CMakeFiles/ur5_moveit_plugin.dir/all] Error 2
Makefile:140: recipe for target 'all' failed
make: *** [all] Error 2
