[  0%] Built target _robotiq_ft_sensor_generate_messages_check_deps_ft_sensor
[  0%] Built target std_msgs_generate_messages_py
[  0%] Built target std_msgs_generate_messages_cpp
[  0%] Built target _robotiq_ft_sensor_generate_messages_check_deps_sensor_accessor
[  0%] Built target std_msgs_generate_messages_eus
[  0%] Built target std_msgs_generate_messages_lisp
[  0%] Built target std_msgs_generate_messages_nodejs
[  0%] Built target rosgraph_msgs_generate_messages_nodejs
[  0%] Built target rosgraph_msgs_generate_messages_lisp
[  0%] Built target rosgraph_msgs_generate_messages_py
[  0%] Built target rosgraph_msgs_generate_messages_eus
[  0%] Built target rosgraph_msgs_generate_messages_cpp
[  0%] Built target roscpp_generate_messages_py
[  0%] Built target roscpp_generate_messages_nodejs
[  0%] Built target roscpp_generate_messages_eus
[  0%] Built target roscpp_generate_messages_lisp
[  0%] Built target roscpp_generate_messages_cpp
[ 21%] Built target robotiq_ft_sensor_generate_messages_py
[ 31%] Built target robotiq_ft_sensor_generate_messages_cpp
[ 47%] Built target robotiq_ft_sensor_generate_messages_eus
[ 57%] Built target robotiq_ft_sensor_generate_messages_lisp
[ 57%] Built target robotiq_ft_sensor_gencpp
[ 68%] Built target robotiq_ft_sensor_generate_messages_nodejs
[ 89%] Built target rq_sensor
[100%] Built target rq_test_sensor
[100%] Built target robotiq_ft_sensor_generate_messages
