Symlinking /home/michael/workspace/TRI_catkin_ws/devel/include/robotiq_3f_gripper_articulated_msgs/Robotiq3FGripperRobotInput.h
Symlinking /home/michael/workspace/TRI_catkin_ws/devel/include/robotiq_3f_gripper_articulated_msgs/Robotiq3FGripperRobotOutput.h
Symlinking /home/michael/workspace/TRI_catkin_ws/devel/share/gennodejs/ros/robotiq_3f_gripper_articulated_msgs/_index.js
Symlinking /home/michael/workspace/TRI_catkin_ws/devel/share/gennodejs/ros/robotiq_3f_gripper_articulated_msgs/msg/Robotiq3FGripperRobotInput.js
Symlinking /home/michael/workspace/TRI_catkin_ws/devel/share/gennodejs/ros/robotiq_3f_gripper_articulated_msgs/msg/_index.js
Symlinking /home/michael/workspace/TRI_catkin_ws/devel/share/gennodejs/ros/robotiq_3f_gripper_articulated_msgs/msg/Robotiq3FGripperRobotOutput.js
Symlinking /home/michael/workspace/TRI_catkin_ws/devel/share/roseus/ros/robotiq_3f_gripper_articulated_msgs/manifest.l
Symlinking /home/michael/workspace/TRI_catkin_ws/devel/share/roseus/ros/robotiq_3f_gripper_articulated_msgs/msg/Robotiq3FGripperRobotOutput.l
Symlinking /home/michael/workspace/TRI_catkin_ws/devel/share/roseus/ros/robotiq_3f_gripper_articulated_msgs/msg/Robotiq3FGripperRobotInput.l
Symlinking /home/michael/workspace/TRI_catkin_ws/devel/share/common-lisp/ros/robotiq_3f_gripper_articulated_msgs/msg/robotiq_3f_gripper_articulated_msgs-msg.asd
Symlinking /home/michael/workspace/TRI_catkin_ws/devel/share/common-lisp/ros/robotiq_3f_gripper_articulated_msgs/msg/_package.lisp
Symlinking /home/michael/workspace/TRI_catkin_ws/devel/share/common-lisp/ros/robotiq_3f_gripper_articulated_msgs/msg/_package_Robotiq3FGripperRobotInput.lisp
Symlinking /home/michael/workspace/TRI_catkin_ws/devel/share/common-lisp/ros/robotiq_3f_gripper_articulated_msgs/msg/Robotiq3FGripperRobotInput.lisp
Symlinking /home/michael/workspace/TRI_catkin_ws/devel/share/common-lisp/ros/robotiq_3f_gripper_articulated_msgs/msg/Robotiq3FGripperRobotOutput.lisp
Symlinking /home/michael/workspace/TRI_catkin_ws/devel/share/common-lisp/ros/robotiq_3f_gripper_articulated_msgs/msg/_package_Robotiq3FGripperRobotOutput.lisp
Symlinking /home/michael/workspace/TRI_catkin_ws/devel/share/robotiq_3f_gripper_articulated_msgs/cmake/robotiq_3f_gripper_articulated_msgs-msg-extras.cmake
Symlinking /home/michael/workspace/TRI_catkin_ws/devel/share/robotiq_3f_gripper_articulated_msgs/cmake/robotiq_3f_gripper_articulated_msgsConfig.cmake
Symlinking /home/michael/workspace/TRI_catkin_ws/devel/share/robotiq_3f_gripper_articulated_msgs/cmake/robotiq_3f_gripper_articulated_msgsConfig-version.cmake
Symlinking /home/michael/workspace/TRI_catkin_ws/devel/share/robotiq_3f_gripper_articulated_msgs/cmake/robotiq_3f_gripper_articulated_msgs-msg-paths.cmake
Symlinking /home/michael/workspace/TRI_catkin_ws/devel/lib/pkgconfig/robotiq_3f_gripper_articulated_msgs.pc
Symlinking /home/michael/workspace/TRI_catkin_ws/devel/lib/python2.7/dist-packages/robotiq_3f_gripper_articulated_msgs/__init__.py
Symlinking /home/michael/workspace/TRI_catkin_ws/devel/lib/python2.7/dist-packages/robotiq_3f_gripper_articulated_msgs/msg/__init__.py
Symlinking /home/michael/workspace/TRI_catkin_ws/devel/lib/python2.7/dist-packages/robotiq_3f_gripper_articulated_msgs/msg/_Robotiq3FGripperRobotOutput.py
Symlinking /home/michael/workspace/TRI_catkin_ws/devel/lib/python2.7/dist-packages/robotiq_3f_gripper_articulated_msgs/msg/_Robotiq3FGripperRobotInput.py
