Determining if the pthread_create exist failed with the following output:
Change Dir: /home/michael/workspace/TRI_catkin_ws/build/CMakeFiles/CMakeTmp

Run Build Command:"/usr/bin/make" "cmTC_3ba7f/fast"
/usr/bin/make -f CMakeFiles/cmTC_3ba7f.dir/build.make CMakeFiles/cmTC_3ba7f.dir/build
make[1]: Entering directory '/home/michael/workspace/TRI_catkin_ws/build/CMakeFiles/CMakeTmp'
Building C object CMakeFiles/cmTC_3ba7f.dir/CheckSymbolExists.c.o
/usr/bin/cc    -o CMakeFiles/cmTC_3ba7f.dir/CheckSymbolExists.c.o   -c /home/michael/workspace/TRI_catkin_ws/build/CMakeFiles/CMakeTmp/CheckSymbolExists.c
Linking C executable cmTC_3ba7f
/usr/bin/cmake -E cmake_link_script CMakeFiles/cmTC_3ba7f.dir/link.txt --verbose=1
/usr/bin/cc      -rdynamic CMakeFiles/cmTC_3ba7f.dir/CheckSymbolExists.c.o  -o cmTC_3ba7f 
CMakeFiles/cmTC_3ba7f.dir/CheckSymbolExists.c.o: In function `main':
CheckSymbolExists.c:(.text+0x1b): undefined reference to `pthread_create'
collect2: error: ld returned 1 exit status
CMakeFiles/cmTC_3ba7f.dir/build.make:97: recipe for target 'cmTC_3ba7f' failed
make[1]: *** [cmTC_3ba7f] Error 1
make[1]: Leaving directory '/home/michael/workspace/TRI_catkin_ws/build/CMakeFiles/CMakeTmp'
Makefile:126: recipe for target 'cmTC_3ba7f/fast' failed
make: *** [cmTC_3ba7f/fast] Error 2

File /home/michael/workspace/TRI_catkin_ws/build/CMakeFiles/CMakeTmp/CheckSymbolExists.c:
/* */
#include <pthread.h>

int main(int argc, char** argv)
{
  (void)argv;
#ifndef pthread_create
  return ((int*)(&pthread_create))[argc];
#else
  (void)argc;
  return 0;
#endif
}

Determining if the function pthread_create exists in the pthreads failed with the following output:
Change Dir: /home/michael/workspace/TRI_catkin_ws/build/CMakeFiles/CMakeTmp

Run Build Command:"/usr/bin/make" "cmTC_61209/fast"
/usr/bin/make -f CMakeFiles/cmTC_61209.dir/build.make CMakeFiles/cmTC_61209.dir/build
make[1]: Entering directory '/home/michael/workspace/TRI_catkin_ws/build/CMakeFiles/CMakeTmp'
Building C object CMakeFiles/cmTC_61209.dir/CheckFunctionExists.c.o
/usr/bin/cc   -DCHECK_FUNCTION_EXISTS=pthread_create   -o CMakeFiles/cmTC_61209.dir/CheckFunctionExists.c.o   -c /usr/share/cmake-3.10/Modules/CheckFunctionExists.c
Linking C executable cmTC_61209
/usr/bin/cmake -E cmake_link_script CMakeFiles/cmTC_61209.dir/link.txt --verbose=1
/usr/bin/cc  -DCHECK_FUNCTION_EXISTS=pthread_create    -rdynamic CMakeFiles/cmTC_61209.dir/CheckFunctionExists.c.o  -o cmTC_61209 -lpthreads 
/usr/bin/ld: cannot find -lpthreads
collect2: error: ld returned 1 exit status
CMakeFiles/cmTC_61209.dir/build.make:97: recipe for target 'cmTC_61209' failed
make[1]: *** [cmTC_61209] Error 1
make[1]: Leaving directory '/home/michael/workspace/TRI_catkin_ws/build/CMakeFiles/CMakeTmp'
Makefile:126: recipe for target 'cmTC_61209/fast' failed
make: *** [cmTC_61209/fast] Error 2


